<?xml version="1.0" encoding="UTF-8"?>
<!-- Generated by org.testng.reporters.JUnitXMLReporter -->
<testsuite hostname="DESKTOP-IE56OCR" ignored="0" name="Test" tests="4" failures="1" timestamp="2022-08-01T00:48:21 IST" time="0.062" errors="0">
  <testcase name="password" time="0.016" classname="com.testng.Demo_Transformer">
    <skipped/>
  </testcase> <!-- password -->
  <testcase name="password" time="0.015" classname="com.testng.Demo_Transformer">
    <skipped/>
  </testcase> <!-- password -->
  <testcase name="password" time="0.0" classname="com.testng.Demo_Transformer">
    <failure type="java.lang.AssertionError" message="expected [1234] but found [1254]">
      <![CDATA[java.lang.AssertionError: expected [1234] but found [1254]
at com.testng.Demo_Transformer.password(Demo_Transformer.java:24)
at java.util.ArrayList.forEach(Unknown Source)
... Removed 33 stack frames]]>
    </failure>
  </testcase> <!-- password -->
  <testcase name="username" time="0.0" classname="com.testng.Demo_Transformer"/>
</testsuite> <!-- Test -->
